#! /usr/local/bin/vvp
:ivl_version "13.0 (devel)" "(s20221226-533-g676b36e45)";
:ivl_delay_selection "TYPICAL";
:vpi_time_precision + 0;
:vpi_module "/usr/local/lib/ivl/system.vpi";
:vpi_module "/usr/local/lib/ivl/vhdl_sys.vpi";
:vpi_module "/usr/local/lib/ivl/vhdl_textio.vpi";
:vpi_module "/usr/local/lib/ivl/v2005_math.vpi";
:vpi_module "/usr/local/lib/ivl/va_math.vpi";
S_0x5b1001d63110 .scope module, "moore" "moore" 2 1;
 .timescale 0 0;
    .port_info 0 /INPUT 1 "clk";
    .port_info 1 /INPUT 1 "front_sensor";
    .port_info 2 /INPUT 1 "left_sensor";
    .port_info 3 /OUTPUT 1 "front";
    .port_info 4 /OUTPUT 1 "turn";
P_0x5b1001d66e40 .param/l "BothEntry" 0 2 10, C4<11>;
P_0x5b1001d66e80 .param/l "FrontEntry" 0 2 9, C4<10>;
P_0x5b1001d66ec0 .param/l "LeftEntry" 0 2 8, C4<01>;
P_0x5b1001d66f00 .param/l "NoEntry" 0 2 7, C4<00>;
o0x72c314ab6018 .functor BUFZ 1, c4<z>; HiZ drive
v0x5b1001d52130_0 .net "clk", 0 0, o0x72c314ab6018;  0 drivers
v0x5b1001d85fe0_0 .var "front", 0 0;
o0x72c314ab6078 .functor BUFZ 1, c4<z>; HiZ drive
v0x5b1001d860a0_0 .net "front_sensor", 0 0, o0x72c314ab6078;  0 drivers
o0x72c314ab60a8 .functor BUFZ 1, c4<z>; HiZ drive
v0x5b1001d86140_0 .net "left_sensor", 0 0, o0x72c314ab60a8;  0 drivers
v0x5b1001d86200_0 .var "next_state", 1 0;
v0x5b1001d86330_0 .var "state", 1 0;
v0x5b1001d86410_0 .var "turn", 0 0;
E_0x5b1001d59690 .event anyedge, v0x5b1001d86330_0;
E_0x5b1001d597f0 .event anyedge, v0x5b1001d86140_0, v0x5b1001d860a0_0, v0x5b1001d86330_0;
E_0x5b1001d5a3e0 .event posedge, v0x5b1001d52130_0;
S_0x5b1001d619f0 .scope module, "test" "test" 3 4;
 .timescale 0 0;
v0x5b1001d87ee0_0 .var "clk", 0 0;
v0x5b1001d87ff0_0 .net "front", 0 0, v0x5b1001d86d60_0;  1 drivers
v0x5b1001d88100_0 .var "front_sensor", 0 0;
v0x5b1001d881f0_0 .var "left_sensor", 0 0;
v0x5b1001d882e0_0 .net "turn", 0 0, v0x5b1001d871c0_0;  1 drivers
S_0x5b1001d86570 .scope module, "TOP" "top" 3 11, 4 4 0, S_0x5b1001d619f0;
 .timescale 0 0;
    .port_info 0 /INPUT 1 "clk";
    .port_info 1 /INPUT 1 "front_sensor";
    .port_info 2 /INPUT 1 "left_sensor";
    .port_info 3 /OUTPUT 1 "front";
    .port_info 4 /OUTPUT 1 "turn";
v0x5b1001d87320_0 .net "clk", 0 0, v0x5b1001d87ee0_0;  1 drivers
v0x5b1001d873e0_0 .net "front", 0 0, v0x5b1001d86d60_0;  alias, 1 drivers
v0x5b1001d874b0_0 .net "front_sensor", 0 0, v0x5b1001d88100_0;  1 drivers
v0x5b1001d875b0_0 .net "left_sensor", 0 0, v0x5b1001d881f0_0;  1 drivers
v0x5b1001d87680_0 .net "turn", 0 0, v0x5b1001d871c0_0;  alias, 1 drivers
S_0x5b1001d86820 .scope module, "mealey_FSM" "mealey" 4 14, 5 1 0, S_0x5b1001d86570;
 .timescale 0 0;
    .port_info 0 /INPUT 1 "clk";
    .port_info 1 /INPUT 1 "front_sensor";
    .port_info 2 /INPUT 1 "left_sensor";
    .port_info 3 /OUTPUT 1 "front";
    .port_info 4 /OUTPUT 1 "turn";
P_0x5b1001d1a110 .param/l "FrontEntry" 0 5 9, C4<10>;
P_0x5b1001d1a150 .param/l "LeftEntry" 0 5 8, C4<01>;
P_0x5b1001d1a190 .param/l "NoEntry" 0 5 7, C4<00>;
v0x5b1001d86c80_0 .net "clk", 0 0, v0x5b1001d87ee0_0;  alias, 1 drivers
v0x5b1001d86d60_0 .var "front", 0 0;
v0x5b1001d86e20_0 .net "front_sensor", 0 0, v0x5b1001d88100_0;  alias, 1 drivers
v0x5b1001d86ef0_0 .net "left_sensor", 0 0, v0x5b1001d881f0_0;  alias, 1 drivers
v0x5b1001d86fb0_0 .var "next_state", 1 0;
v0x5b1001d870e0_0 .var "state", 1 0;
v0x5b1001d871c0_0 .var "turn", 0 0;
E_0x5b1001d5a260 .event anyedge, v0x5b1001d86ef0_0, v0x5b1001d86e20_0, v0x5b1001d870e0_0;
E_0x5b1001d59a70 .event posedge, v0x5b1001d86c80_0;
S_0x5b1001d877a0 .scope task, "change_clock" "change_clock" 3 44, 3 44 0, S_0x5b1001d619f0;
 .timescale 0 0;
TD_test.change_clock ;
    %delay 1, 0;
    %load/vec4 v0x5b1001d87ee0_0;
    %inv;
    %store/vec4 v0x5b1001d87ee0_0, 0, 1;
    %delay 2, 0;
    %load/vec4 v0x5b1001d87ee0_0;
    %inv;
    %store/vec4 v0x5b1001d87ee0_0, 0, 1;
    %end;
S_0x5b1001d87980 .scope task, "display" "display" 3 39, 3 39 0, S_0x5b1001d619f0;
 .timescale 0 0;
TD_test.display ;
    %delay 1, 0;
    %vpi_call 3 40 "$display", "clk: %0h, front_sensor: %0h, left_sensor: %0h, front: %0h, turn: %0h", v0x5b1001d87ee0_0, v0x5b1001d88100_0, v0x5b1001d881f0_0, v0x5b1001d87ff0_0, v0x5b1001d882e0_0 {0 0 0};
    %end;
S_0x5b1001d87b60 .scope task, "test_sensor" "test_sensor" 3 50, 3 50 0, S_0x5b1001d619f0;
 .timescale 0 0;
v0x5b1001d87d40_0 .var "f_sensor", 1 0;
v0x5b1001d87e00_0 .var "l_sensor", 1 0;
TD_test.test_sensor ;
    %delay 1, 0;
    %load/vec4 v0x5b1001d87d40_0;
    %pad/u 1;
    %assign/vec4 v0x5b1001d88100_0, 0;
    %load/vec4 v0x5b1001d87e00_0;
    %pad/u 1;
    %assign/vec4 v0x5b1001d881f0_0, 0;
    %fork TD_test.change_clock, S_0x5b1001d877a0;
    %join;
    %fork TD_test.display, S_0x5b1001d87980;
    %join;
    %end;
    .scope S_0x5b1001d63110;
T_3 ;
    %wait E_0x5b1001d5a3e0;
    %load/vec4 v0x5b1001d86200_0;
    %assign/vec4 v0x5b1001d86330_0, 0;
    %jmp T_3;
    .thread T_3;
    .scope S_0x5b1001d63110;
T_4 ;
    %wait E_0x5b1001d597f0;
    %load/vec4 v0x5b1001d86330_0;
    %dup/vec4;
    %pushi/vec4 0, 0, 2;
    %cmp/u;
    %jmp/1 T_4.0, 6;
    %dup/vec4;
    %pushi/vec4 1, 0, 2;
    %cmp/u;
    %jmp/1 T_4.1, 6;
    %dup/vec4;
    %pushi/vec4 2, 0, 2;
    %cmp/u;
    %jmp/1 T_4.2, 6;
    %pushi/vec4 0, 0, 2;
    %assign/vec4 v0x5b1001d86200_0, 0;
    %jmp T_4.4;
T_4.0 ;
    %load/vec4 v0x5b1001d860a0_0;
    %load/vec4 v0x5b1001d86140_0;
    %concat/vec4; draw_concat_vec4
    %dup/vec4;
    %pushi/vec4 0, 0, 2;
    %cmp/u;
    %jmp/1 T_4.5, 6;
    %dup/vec4;
    %pushi/vec4 1, 0, 2;
    %cmp/u;
    %jmp/1 T_4.6, 6;
    %dup/vec4;
    %pushi/vec4 2, 0, 2;
    %cmp/u;
    %jmp/1 T_4.7, 6;
    %dup/vec4;
    %pushi/vec4 3, 0, 2;
    %cmp/u;
    %jmp/1 T_4.8, 6;
    %pushi/vec4 0, 0, 2;
    %assign/vec4 v0x5b1001d86200_0, 0;
    %jmp T_4.10;
T_4.5 ;
    %pushi/vec4 0, 0, 2;
    %assign/vec4 v0x5b1001d86200_0, 0;
    %jmp T_4.10;
T_4.6 ;
    %pushi/vec4 1, 0, 2;
    %assign/vec4 v0x5b1001d86200_0, 0;
    %jmp T_4.10;
T_4.7 ;
    %pushi/vec4 2, 0, 2;
    %assign/vec4 v0x5b1001d86200_0, 0;
    %jmp T_4.10;
T_4.8 ;
    %pushi/vec4 2, 0, 2;
    %assign/vec4 v0x5b1001d86200_0, 0;
    %jmp T_4.10;
T_4.10 ;
    %pop/vec4 1;
    %jmp T_4.4;
T_4.1 ;
    %load/vec4 v0x5b1001d860a0_0;
    %load/vec4 v0x5b1001d86140_0;
    %concat/vec4; draw_concat_vec4
    %dup/vec4;
    %pushi/vec4 0, 0, 2;
    %cmp/u;
    %jmp/1 T_4.11, 6;
    %dup/vec4;
    %pushi/vec4 1, 0, 2;
    %cmp/u;
    %jmp/1 T_4.12, 6;
    %dup/vec4;
    %pushi/vec4 2, 0, 2;
    %cmp/u;
    %jmp/1 T_4.13, 6;
    %dup/vec4;
    %pushi/vec4 3, 0, 2;
    %cmp/u;
    %jmp/1 T_4.14, 6;
    %pushi/vec4 3, 0, 2;
    %assign/vec4 v0x5b1001d86200_0, 0;
    %jmp T_4.16;
T_4.11 ;
    %pushi/vec4 3, 0, 2;
    %assign/vec4 v0x5b1001d86200_0, 0;
    %jmp T_4.16;
T_4.12 ;
    %pushi/vec4 1, 0, 2;
    %assign/vec4 v0x5b1001d86200_0, 0;
    %jmp T_4.16;
T_4.13 ;
    %pushi/vec4 3, 0, 2;
    %assign/vec4 v0x5b1001d86200_0, 0;
    %jmp T_4.16;
T_4.14 ;
    %pushi/vec4 2, 0, 2;
    %assign/vec4 v0x5b1001d86200_0, 0;
    %jmp T_4.16;
T_4.16 ;
    %pop/vec4 1;
    %jmp T_4.4;
T_4.2 ;
    %load/vec4 v0x5b1001d860a0_0;
    %load/vec4 v0x5b1001d86140_0;
    %concat/vec4; draw_concat_vec4
    %dup/vec4;
    %pushi/vec4 0, 0, 2;
    %cmp/u;
    %jmp/1 T_4.17, 6;
    %dup/vec4;
    %pushi/vec4 1, 0, 2;
    %cmp/u;
    %jmp/1 T_4.18, 6;
    %dup/vec4;
    %pushi/vec4 2, 0, 2;
    %cmp/u;
    %jmp/1 T_4.19, 6;
    %dup/vec4;
    %pushi/vec4 3, 0, 2;
    %cmp/u;
    %jmp/1 T_4.20, 6;
    %pushi/vec4 0, 0, 2;
    %assign/vec4 v0x5b1001d86200_0, 0;
    %jmp T_4.22;
T_4.17 ;
    %pushi/vec4 2, 0, 2;
    %assign/vec4 v0x5b1001d86200_0, 0;
    %jmp T_4.22;
T_4.18 ;
    %pushi/vec4 1, 0, 2;
    %assign/vec4 v0x5b1001d86200_0, 0;
    %jmp T_4.22;
T_4.19 ;
    %pushi/vec4 2, 0, 2;
    %assign/vec4 v0x5b1001d86200_0, 0;
    %jmp T_4.22;
T_4.20 ;
    %pushi/vec4 2, 0, 2;
    %assign/vec4 v0x5b1001d86200_0, 0;
    %jmp T_4.22;
T_4.22 ;
    %pop/vec4 1;
    %jmp T_4.4;
T_4.4 ;
    %pop/vec4 1;
    %jmp T_4;
    .thread T_4, $push;
    .scope S_0x5b1001d63110;
T_5 ;
    %wait E_0x5b1001d59690;
    %load/vec4 v0x5b1001d86330_0;
    %dup/vec4;
    %pushi/vec4 2, 0, 2;
    %cmp/u;
    %jmp/1 T_5.0, 6;
    %dup/vec4;
    %pushi/vec4 1, 0, 2;
    %cmp/u;
    %jmp/1 T_5.1, 6;
    %dup/vec4;
    %pushi/vec4 3, 0, 2;
    %cmp/u;
    %jmp/1 T_5.2, 6;
    %pushi/vec4 1, 0, 1;
    %assign/vec4 v0x5b1001d85fe0_0, 0;
    %pushi/vec4 0, 0, 1;
    %assign/vec4 v0x5b1001d86410_0, 0;
    %jmp T_5.4;
T_5.0 ;
    %pushi/vec4 0, 0, 1;
    %assign/vec4 v0x5b1001d85fe0_0, 0;
    %pushi/vec4 1, 0, 1;
    %assign/vec4 v0x5b1001d86410_0, 0;
    %jmp T_5.4;
T_5.1 ;
    %pushi/vec4 1, 0, 1;
    %assign/vec4 v0x5b1001d85fe0_0, 0;
    %pushi/vec4 0, 0, 1;
    %assign/vec4 v0x5b1001d86410_0, 0;
    %jmp T_5.4;
T_5.2 ;
    %pushi/vec4 0, 0, 1;
    %assign/vec4 v0x5b1001d85fe0_0, 0;
    %pushi/vec4 1, 0, 1;
    %assign/vec4 v0x5b1001d86410_0, 0;
    %jmp T_5.4;
T_5.4 ;
    %pop/vec4 1;
    %jmp T_5;
    .thread T_5, $push;
    .scope S_0x5b1001d86820;
T_6 ;
    %wait E_0x5b1001d59a70;
    %load/vec4 v0x5b1001d86fb0_0;
    %assign/vec4 v0x5b1001d870e0_0, 0;
    %jmp T_6;
    .thread T_6;
    .scope S_0x5b1001d86820;
T_7 ;
    %wait E_0x5b1001d5a260;
    %load/vec4 v0x5b1001d870e0_0;
    %dup/vec4;
    %pushi/vec4 0, 0, 2;
    %cmp/u;
    %jmp/1 T_7.0, 6;
    %dup/vec4;
    %pushi/vec4 1, 0, 2;
    %cmp/u;
    %jmp/1 T_7.1, 6;
    %dup/vec4;
    %pushi/vec4 2, 0, 2;
    %cmp/u;
    %jmp/1 T_7.2, 6;
    %pushi/vec4 0, 0, 2;
    %assign/vec4 v0x5b1001d86fb0_0, 0;
    %jmp T_7.4;
T_7.0 ;
    %load/vec4 v0x5b1001d86e20_0;
    %load/vec4 v0x5b1001d86ef0_0;
    %concat/vec4; draw_concat_vec4
    %dup/vec4;
    %pushi/vec4 1, 0, 2;
    %cmp/u;
    %jmp/1 T_7.5, 6;
    %dup/vec4;
    %pushi/vec4 2, 0, 2;
    %cmp/u;
    %jmp/1 T_7.6, 6;
    %dup/vec4;
    %pushi/vec4 3, 0, 2;
    %cmp/u;
    %jmp/1 T_7.7, 6;
    %pushi/vec4 1, 0, 1;
    %assign/vec4 v0x5b1001d86d60_0, 0;
    %pushi/vec4 0, 0, 1;
    %assign/vec4 v0x5b1001d871c0_0, 0;
    %pushi/vec4 0, 0, 2;
    %assign/vec4 v0x5b1001d86fb0_0, 0;
    %jmp T_7.9;
T_7.5 ;
    %pushi/vec4 1, 0, 1;
    %assign/vec4 v0x5b1001d86d60_0, 0;
    %pushi/vec4 0, 0, 1;
    %assign/vec4 v0x5b1001d871c0_0, 0;
    %pushi/vec4 1, 0, 2;
    %assign/vec4 v0x5b1001d86fb0_0, 0;
    %jmp T_7.9;
T_7.6 ;
    %pushi/vec4 0, 0, 1;
    %assign/vec4 v0x5b1001d86d60_0, 0;
    %pushi/vec4 1, 0, 1;
    %assign/vec4 v0x5b1001d871c0_0, 0;
    %pushi/vec4 2, 0, 2;
    %assign/vec4 v0x5b1001d86fb0_0, 0;
    %jmp T_7.9;
T_7.7 ;
    %pushi/vec4 0, 0, 1;
    %assign/vec4 v0x5b1001d86d60_0, 0;
    %pushi/vec4 1, 0, 1;
    %assign/vec4 v0x5b1001d871c0_0, 0;
    %pushi/vec4 2, 0, 2;
    %assign/vec4 v0x5b1001d86fb0_0, 0;
    %jmp T_7.9;
T_7.9 ;
    %pop/vec4 1;
    %jmp T_7.4;
T_7.1 ;
    %load/vec4 v0x5b1001d86e20_0;
    %load/vec4 v0x5b1001d86ef0_0;
    %concat/vec4; draw_concat_vec4
    %dup/vec4;
    %pushi/vec4 1, 0, 2;
    %cmp/u;
    %jmp/1 T_7.10, 6;
    %dup/vec4;
    %pushi/vec4 3, 0, 2;
    %cmp/u;
    %jmp/1 T_7.11, 6;
    %pushi/vec4 0, 0, 1;
    %assign/vec4 v0x5b1001d86d60_0, 0;
    %pushi/vec4 1, 0, 1;
    %assign/vec4 v0x5b1001d871c0_0, 0;
    %pushi/vec4 0, 0, 2;
    %assign/vec4 v0x5b1001d86fb0_0, 0;
    %jmp T_7.13;
T_7.10 ;
    %pushi/vec4 1, 0, 1;
    %assign/vec4 v0x5b1001d86d60_0, 0;
    %pushi/vec4 0, 0, 1;
    %assign/vec4 v0x5b1001d871c0_0, 0;
    %pushi/vec4 1, 0, 2;
    %assign/vec4 v0x5b1001d86fb0_0, 0;
    %jmp T_7.13;
T_7.11 ;
    %pushi/vec4 0, 0, 1;
    %assign/vec4 v0x5b1001d86d60_0, 0;
    %pushi/vec4 1, 0, 1;
    %assign/vec4 v0x5b1001d871c0_0, 0;
    %pushi/vec4 2, 0, 2;
    %assign/vec4 v0x5b1001d86fb0_0, 0;
    %jmp T_7.13;
T_7.13 ;
    %pop/vec4 1;
    %jmp T_7.4;
T_7.2 ;
    %load/vec4 v0x5b1001d86e20_0;
    %load/vec4 v0x5b1001d86ef0_0;
    %concat/vec4; draw_concat_vec4
    %dup/vec4;
    %pushi/vec4 1, 0, 2;
    %cmp/u;
    %jmp/1 T_7.14, 6;
    %dup/vec4;
    %pushi/vec4 3, 0, 2;
    %cmp/u;
    %jmp/1 T_7.15, 6;
    %pushi/vec4 0, 0, 1;
    %assign/vec4 v0x5b1001d86d60_0, 0;
    %pushi/vec4 1, 0, 1;
    %assign/vec4 v0x5b1001d871c0_0, 0;
    %pushi/vec4 2, 0, 2;
    %assign/vec4 v0x5b1001d86fb0_0, 0;
    %jmp T_7.17;
T_7.14 ;
    %pushi/vec4 1, 0, 1;
    %assign/vec4 v0x5b1001d86d60_0, 0;
    %pushi/vec4 0, 0, 1;
    %assign/vec4 v0x5b1001d871c0_0, 0;
    %pushi/vec4 1, 0, 2;
    %assign/vec4 v0x5b1001d86fb0_0, 0;
    %jmp T_7.17;
T_7.15 ;
    %pushi/vec4 0, 0, 1;
    %assign/vec4 v0x5b1001d86d60_0, 0;
    %pushi/vec4 1, 0, 1;
    %assign/vec4 v0x5b1001d871c0_0, 0;
    %pushi/vec4 2, 0, 2;
    %assign/vec4 v0x5b1001d86fb0_0, 0;
    %jmp T_7.17;
T_7.17 ;
    %pop/vec4 1;
    %jmp T_7.4;
T_7.4 ;
    %pop/vec4 1;
    %jmp T_7;
    .thread T_7, $push;
    .scope S_0x5b1001d619f0;
T_8 ;
    %pushi/vec4 1, 0, 1;
    %store/vec4 v0x5b1001d87ee0_0, 0, 1;
    %pushi/vec4 0, 0, 2;
    %store/vec4 v0x5b1001d87d40_0, 0, 2;
    %pushi/vec4 0, 0, 2;
    %store/vec4 v0x5b1001d87e00_0, 0, 2;
    %fork TD_test.test_sensor, S_0x5b1001d87b60;
    %join;
    %pushi/vec4 0, 0, 2;
    %store/vec4 v0x5b1001d87d40_0, 0, 2;
    %pushi/vec4 0, 0, 2;
    %store/vec4 v0x5b1001d87e00_0, 0, 2;
    %fork TD_test.test_sensor, S_0x5b1001d87b60;
    %join;
    %pushi/vec4 1, 0, 2;
    %store/vec4 v0x5b1001d87d40_0, 0, 2;
    %pushi/vec4 0, 0, 2;
    %store/vec4 v0x5b1001d87e00_0, 0, 2;
    %fork TD_test.test_sensor, S_0x5b1001d87b60;
    %join;
    %pushi/vec4 0, 0, 2;
    %store/vec4 v0x5b1001d87d40_0, 0, 2;
    %pushi/vec4 0, 0, 2;
    %store/vec4 v0x5b1001d87e00_0, 0, 2;
    %fork TD_test.test_sensor, S_0x5b1001d87b60;
    %join;
    %pushi/vec4 0, 0, 2;
    %store/vec4 v0x5b1001d87d40_0, 0, 2;
    %pushi/vec4 0, 0, 2;
    %store/vec4 v0x5b1001d87e00_0, 0, 2;
    %fork TD_test.test_sensor, S_0x5b1001d87b60;
    %join;
    %pushi/vec4 0, 0, 2;
    %store/vec4 v0x5b1001d87d40_0, 0, 2;
    %pushi/vec4 1, 0, 2;
    %store/vec4 v0x5b1001d87e00_0, 0, 2;
    %fork TD_test.test_sensor, S_0x5b1001d87b60;
    %join;
    %pushi/vec4 0, 0, 2;
    %store/vec4 v0x5b1001d87d40_0, 0, 2;
    %pushi/vec4 1, 0, 2;
    %store/vec4 v0x5b1001d87e00_0, 0, 2;
    %fork TD_test.test_sensor, S_0x5b1001d87b60;
    %join;
    %pushi/vec4 0, 0, 2;
    %store/vec4 v0x5b1001d87d40_0, 0, 2;
    %pushi/vec4 1, 0, 2;
    %store/vec4 v0x5b1001d87e00_0, 0, 2;
    %fork TD_test.test_sensor, S_0x5b1001d87b60;
    %join;
    %pushi/vec4 0, 0, 2;
    %store/vec4 v0x5b1001d87d40_0, 0, 2;
    %pushi/vec4 1, 0, 2;
    %store/vec4 v0x5b1001d87e00_0, 0, 2;
    %fork TD_test.test_sensor, S_0x5b1001d87b60;
    %join;
    %pushi/vec4 1, 0, 2;
    %store/vec4 v0x5b1001d87d40_0, 0, 2;
    %pushi/vec4 1, 0, 2;
    %store/vec4 v0x5b1001d87e00_0, 0, 2;
    %fork TD_test.test_sensor, S_0x5b1001d87b60;
    %join;
    %pushi/vec4 1, 0, 2;
    %store/vec4 v0x5b1001d87d40_0, 0, 2;
    %pushi/vec4 0, 0, 2;
    %store/vec4 v0x5b1001d87e00_0, 0, 2;
    %fork TD_test.test_sensor, S_0x5b1001d87b60;
    %join;
    %pushi/vec4 0, 0, 2;
    %store/vec4 v0x5b1001d87d40_0, 0, 2;
    %pushi/vec4 0, 0, 2;
    %store/vec4 v0x5b1001d87e00_0, 0, 2;
    %fork TD_test.test_sensor, S_0x5b1001d87b60;
    %join;
    %pushi/vec4 0, 0, 2;
    %store/vec4 v0x5b1001d87d40_0, 0, 2;
    %pushi/vec4 1, 0, 2;
    %store/vec4 v0x5b1001d87e00_0, 0, 2;
    %fork TD_test.test_sensor, S_0x5b1001d87b60;
    %join;
    %pushi/vec4 1, 0, 2;
    %store/vec4 v0x5b1001d87d40_0, 0, 2;
    %pushi/vec4 0, 0, 2;
    %store/vec4 v0x5b1001d87e00_0, 0, 2;
    %fork TD_test.test_sensor, S_0x5b1001d87b60;
    %join;
    %pushi/vec4 0, 0, 2;
    %store/vec4 v0x5b1001d87d40_0, 0, 2;
    %pushi/vec4 0, 0, 2;
    %store/vec4 v0x5b1001d87e00_0, 0, 2;
    %fork TD_test.test_sensor, S_0x5b1001d87b60;
    %join;
    %pushi/vec4 1, 0, 2;
    %store/vec4 v0x5b1001d87d40_0, 0, 2;
    %pushi/vec4 1, 0, 2;
    %store/vec4 v0x5b1001d87e00_0, 0, 2;
    %fork TD_test.test_sensor, S_0x5b1001d87b60;
    %join;
    %pushi/vec4 1, 0, 2;
    %store/vec4 v0x5b1001d87d40_0, 0, 2;
    %pushi/vec4 0, 0, 2;
    %store/vec4 v0x5b1001d87e00_0, 0, 2;
    %fork TD_test.test_sensor, S_0x5b1001d87b60;
    %join;
    %pushi/vec4 0, 0, 2;
    %store/vec4 v0x5b1001d87d40_0, 0, 2;
    %pushi/vec4 0, 0, 2;
    %store/vec4 v0x5b1001d87e00_0, 0, 2;
    %fork TD_test.test_sensor, S_0x5b1001d87b60;
    %join;
    %pushi/vec4 0, 0, 2;
    %store/vec4 v0x5b1001d87d40_0, 0, 2;
    %pushi/vec4 1, 0, 2;
    %store/vec4 v0x5b1001d87e00_0, 0, 2;
    %fork TD_test.test_sensor, S_0x5b1001d87b60;
    %join;
    %pushi/vec4 0, 0, 2;
    %store/vec4 v0x5b1001d87d40_0, 0, 2;
    %pushi/vec4 1, 0, 2;
    %store/vec4 v0x5b1001d87e00_0, 0, 2;
    %fork TD_test.test_sensor, S_0x5b1001d87b60;
    %join;
    %pushi/vec4 0, 0, 2;
    %store/vec4 v0x5b1001d87d40_0, 0, 2;
    %pushi/vec4 1, 0, 2;
    %store/vec4 v0x5b1001d87e00_0, 0, 2;
    %fork TD_test.test_sensor, S_0x5b1001d87b60;
    %join;
    %end;
    .thread T_8;
# The file index is used to find the file name in the following table.
:file_names 6;
    "N/A";
    "<interactive>";
    "././FSMs/moore.v";
    "./testbench.v";
    "./design.v";
    "././FSMs/mealey.v";
